mode: set
gateway/internal/config/config.go:25.20,38.2 1 0
gateway/internal/config/config.go:40.42,41.38 1 0
gateway/internal/config/config.go:41.38,43.3 1 0
gateway/internal/config/config.go:44.2,44.17 1 0
gateway/cmd/main.go:26.27,28.2 1 0
gateway/cmd/main.go:30.42,31.30 1 0
gateway/cmd/main.go:31.30,36.3 4 0
gateway/cmd/main.go:39.38,41.2 1 0
gateway/cmd/main.go:43.42,48.2 1 0
gateway/cmd/main.go:50.72,51.30 1 0
gateway/cmd/main.go:51.30,52.36 1 0
gateway/cmd/main.go:52.36,55.4 2 0
gateway/cmd/main.go:56.3,57.18 2 0
gateway/cmd/main.go:57.18,61.4 3 0
gateway/cmd/main.go:62.3,63.11 2 0
gateway/cmd/main.go:63.11,67.4 3 0
gateway/cmd/main.go:68.3,69.17 2 0
gateway/cmd/main.go:69.17,73.4 3 0
gateway/cmd/main.go:74.3,74.18 1 0
gateway/cmd/main.go:74.18,78.4 3 0
gateway/cmd/main.go:79.3,79.11 1 0
gateway/cmd/main.go:83.13,90.16 6 0
gateway/cmd/main.go:90.16,92.3 1 0
gateway/cmd/main.go:93.2,98.16 5 0
gateway/cmd/main.go:98.16,100.3 1 0
gateway/cmd/main.go:101.2,109.38 8 0
gateway/cmd/main.go:109.38,114.3 1 0
gateway/cmd/main.go:115.2,120.12 4 0
gateway/cmd/main.go:120.12,122.40 2 0
gateway/cmd/main.go:122.40,124.4 1 0
gateway/cmd/main.go:127.2,132.53 4 0
gateway/cmd/main.go:132.53,134.3 1 0
gateway/cmd/main.go:137.59,142.16 2 0
gateway/cmd/main.go:142.16,144.3 1 0
gateway/cmd/main.go:145.2,145.18 1 0
gateway/internal/server/httpserver/server.go:16.66,26.2 1 0
gateway/internal/server/httpserver/server.go:28.32,29.30 1 0
gateway/internal/server/httpserver/server.go:29.30,31.3 1 0
gateway/internal/server/httpserver/server.go:32.2,32.91 1 0
gateway/internal/server/httpserver/server.go:32.91,34.3 1 0
gateway/internal/server/httpserver/server.go:35.2,35.12 1 0
gateway/internal/server/httpserver/server.go:38.54,39.30 1 0
gateway/internal/server/httpserver/server.go:39.30,41.3 1 0
gateway/internal/server/httpserver/server.go:42.2,43.18 2 0
gateway/internal/server/httpserver/server.go:43.18,45.3 1 0
gateway/internal/server/httpserver/server.go:46.2,48.28 3 0
gateway/internal/service/ledger_service.go:24.88,25.19 1 0
gateway/internal/service/ledger_service.go:25.19,26.55 1 0
gateway/internal/service/ledger_service.go:28.2,28.46 1 0
gateway/internal/service/ledger_service.go:31.90,37.2 2 0
gateway/internal/service/ledger_service.go:39.118,43.16 2 0
gateway/internal/service/ledger_service.go:43.16,45.3 1 0
gateway/internal/service/ledger_service.go:46.2,49.8 1 0
gateway/internal/service/ledger_service.go:52.99,54.16 2 0
gateway/internal/service/ledger_service.go:54.16,56.3 1 0
gateway/internal/service/ledger_service.go:57.2,58.38 2 0
gateway/internal/service/ledger_service.go:58.38,59.15 1 0
gateway/internal/service/ledger_service.go:59.15,60.12 1 0
gateway/internal/service/ledger_service.go:62.3,65.5 1 0
gateway/internal/service/ledger_service.go:67.2,67.17 1 0
gateway/internal/service/ledger_service.go:70.133,77.16 2 0
gateway/internal/service/ledger_service.go:77.16,79.3 1 0
gateway/internal/service/ledger_service.go:80.2,82.8 1 0
gateway/internal/service/ledger_service.go:85.133,89.16 2 0
gateway/internal/service/ledger_service.go:89.16,91.3 1 0
gateway/internal/service/ledger_service.go:92.2,98.8 1 0
gateway/internal/service/ledger_service.go:101.109,103.16 2 0
gateway/internal/service/ledger_service.go:103.16,105.3 1 0
gateway/internal/service/ledger_service.go:106.2,107.44 2 0
gateway/internal/service/ledger_service.go:107.44,108.16 1 0
gateway/internal/service/ledger_service.go:108.16,109.12 1 0
gateway/internal/service/ledger_service.go:111.3,117.5 1 0
gateway/internal/service/ledger_service.go:119.2,119.17 1 0
gateway/internal/service/ledger_service.go:122.130,124.16 2 0
gateway/internal/service/ledger_service.go:124.16,126.3 1 0
gateway/internal/service/ledger_service.go:127.2,127.94 1 0
gateway/internal/service/ledger_service.go:130.145,132.47 2 0
gateway/internal/service/ledger_service.go:132.47,139.3 1 0
gateway/internal/service/ledger_service.go:140.2,141.16 2 0
gateway/internal/service/ledger_service.go:141.16,143.3 1 0
gateway/internal/service/ledger_service.go:144.2,148.8 1 0
gateway/internal/pb/auth/v1/auth.pb.go:33.32,38.2 4 0
gateway/internal/pb/auth/v1/auth.pb.go:40.40,42.2 1 0
gateway/internal/pb/auth/v1/auth.pb.go:44.38,44.39 0 0
gateway/internal/pb/auth/v1/auth.pb.go:46.60,48.14 2 0
gateway/internal/pb/auth/v1/auth.pb.go:48.14,50.34 2 0
gateway/internal/pb/auth/v1/auth.pb.go:50.34,52.4 1 0
gateway/internal/pb/auth/v1/auth.pb.go:53.3,53.12 1 0
gateway/internal/pb/auth/v1/auth.pb.go:55.2,55.24 1 0
gateway/internal/pb/auth/v1/auth.pb.go:59.51,61.2 1 0
gateway/internal/pb/auth/v1/auth.pb.go:63.42,64.14 1 0
gateway/internal/pb/auth/v1/auth.pb.go:64.14,66.3 1 0
gateway/internal/pb/auth/v1/auth.pb.go:67.2,67.11 1 0
gateway/internal/pb/auth/v1/auth.pb.go:70.45,71.14 1 0
gateway/internal/pb/auth/v1/auth.pb.go:71.14,73.3 1 0
gateway/internal/pb/auth/v1/auth.pb.go:74.2,74.11 1 0
gateway/internal/pb/auth/v1/auth.pb.go:84.33,89.2 4 0
gateway/internal/pb/auth/v1/auth.pb.go:91.41,93.2 1 0
gateway/internal/pb/auth/v1/auth.pb.go:95.39,95.40 0 0
gateway/internal/pb/auth/v1/auth.pb.go:97.61,99.14 2 0
gateway/internal/pb/auth/v1/auth.pb.go:99.14,101.34 2 0
gateway/internal/pb/auth/v1/auth.pb.go:101.34,103.4 1 0
gateway/internal/pb/auth/v1/auth.pb.go:104.3,104.12 1 0
gateway/internal/pb/auth/v1/auth.pb.go:106.2,106.24 1 0
gateway/internal/pb/auth/v1/auth.pb.go:110.52,112.2 1 0
gateway/internal/pb/auth/v1/auth.pb.go:114.43,115.14 1 0
gateway/internal/pb/auth/v1/auth.pb.go:115.14,117.3 1 0
gateway/internal/pb/auth/v1/auth.pb.go:118.2,118.11 1 0
gateway/internal/pb/auth/v1/auth.pb.go:128.40,133.2 4 0
gateway/internal/pb/auth/v1/auth.pb.go:135.48,137.2 1 0
gateway/internal/pb/auth/v1/auth.pb.go:139.46,139.47 0 0
gateway/internal/pb/auth/v1/auth.pb.go:141.68,143.14 2 0
gateway/internal/pb/auth/v1/auth.pb.go:143.14,145.34 2 0
gateway/internal/pb/auth/v1/auth.pb.go:145.34,147.4 1 0
gateway/internal/pb/auth/v1/auth.pb.go:148.3,148.12 1 0
gateway/internal/pb/auth/v1/auth.pb.go:150.2,150.24 1 0
gateway/internal/pb/auth/v1/auth.pb.go:154.59,156.2 1 0
gateway/internal/pb/auth/v1/auth.pb.go:158.50,159.14 1 0
gateway/internal/pb/auth/v1/auth.pb.go:159.14,161.3 1 0
gateway/internal/pb/auth/v1/auth.pb.go:162.2,162.11 1 0
gateway/internal/pb/auth/v1/auth.pb.go:173.41,178.2 4 0
gateway/internal/pb/auth/v1/auth.pb.go:180.49,182.2 1 0
gateway/internal/pb/auth/v1/auth.pb.go:184.47,184.48 0 0
gateway/internal/pb/auth/v1/auth.pb.go:186.69,188.14 2 0
gateway/internal/pb/auth/v1/auth.pb.go:188.14,190.34 2 0
gateway/internal/pb/auth/v1/auth.pb.go:190.34,192.4 1 0
gateway/internal/pb/auth/v1/auth.pb.go:193.3,193.12 1 0
gateway/internal/pb/auth/v1/auth.pb.go:195.2,195.24 1 0
gateway/internal/pb/auth/v1/auth.pb.go:199.60,201.2 1 0
gateway/internal/pb/auth/v1/auth.pb.go:203.52,204.14 1 0
gateway/internal/pb/auth/v1/auth.pb.go:204.14,206.3 1 0
gateway/internal/pb/auth/v1/auth.pb.go:207.2,207.11 1 0
gateway/internal/pb/auth/v1/auth.pb.go:210.49,211.14 1 0
gateway/internal/pb/auth/v1/auth.pb.go:211.14,213.3 1 0
gateway/internal/pb/auth/v1/auth.pb.go:214.2,214.14 1 0
gateway/internal/pb/auth/v1/auth.pb.go:225.35,230.2 4 0
gateway/internal/pb/auth/v1/auth.pb.go:232.43,234.2 1 0
gateway/internal/pb/auth/v1/auth.pb.go:236.41,236.42 0 0
gateway/internal/pb/auth/v1/auth.pb.go:238.63,240.14 2 0
gateway/internal/pb/auth/v1/auth.pb.go:240.14,242.34 2 0
gateway/internal/pb/auth/v1/auth.pb.go:242.34,244.4 1 0
gateway/internal/pb/auth/v1/auth.pb.go:245.3,245.12 1 0
gateway/internal/pb/auth/v1/auth.pb.go:247.2,247.24 1 0
gateway/internal/pb/auth/v1/auth.pb.go:251.54,253.2 1 0
gateway/internal/pb/auth/v1/auth.pb.go:255.45,256.14 1 0
gateway/internal/pb/auth/v1/auth.pb.go:256.14,258.3 1 0
gateway/internal/pb/auth/v1/auth.pb.go:259.2,259.11 1 0
gateway/internal/pb/auth/v1/auth.pb.go:262.48,263.14 1 0
gateway/internal/pb/auth/v1/auth.pb.go:263.14,265.3 1 0
gateway/internal/pb/auth/v1/auth.pb.go:266.2,266.11 1 0
gateway/internal/pb/auth/v1/auth.pb.go:297.51,298.48 1 0
gateway/internal/pb/auth/v1/auth.pb.go:298.48,300.3 1 0
gateway/internal/pb/auth/v1/auth.pb.go:301.2,301.44 1 0
gateway/internal/pb/auth/v1/auth.pb.go:327.13,327.47 1 0
gateway/internal/pb/auth/v1/auth.pb.go:328.37,329.36 1 0
gateway/internal/pb/auth/v1/auth.pb.go:329.36,331.3 1 0
gateway/internal/pb/auth/v1/auth.pb.go:332.2,348.39 5 0
gateway/internal/pb/auth/v1/auth_grpc.pb.go:41.74,43.2 1 0
gateway/internal/pb/auth/v1/auth_grpc.pb.go:45.123,49.16 4 0
gateway/internal/pb/auth/v1/auth_grpc.pb.go:49.16,51.3 1 0
gateway/internal/pb/auth/v1/auth_grpc.pb.go:52.2,52.17 1 0
gateway/internal/pb/auth/v1/auth_grpc.pb.go:55.147,59.16 4 0
gateway/internal/pb/auth/v1/auth_grpc.pb.go:59.16,61.3 1 0
gateway/internal/pb/auth/v1/auth_grpc.pb.go:62.2,62.17 1 0
gateway/internal/pb/auth/v1/auth_grpc.pb.go:65.129,69.16 4 0
gateway/internal/pb/auth/v1/auth_grpc.pb.go:69.16,71.3 1 0
gateway/internal/pb/auth/v1/auth_grpc.pb.go:72.2,72.17 1 0
gateway/internal/pb/auth/v1/auth_grpc.pb.go:92.101,94.2 1 0
gateway/internal/pb/auth/v1/auth_grpc.pb.go:95.125,97.2 1 0
gateway/internal/pb/auth/v1/auth_grpc.pb.go:98.107,100.2 1 0
gateway/internal/pb/auth/v1/auth_grpc.pb.go:101.82,101.83 0 0
gateway/internal/pb/auth/v1/auth_grpc.pb.go:102.82,102.83 0 0
gateway/internal/pb/auth/v1/auth_grpc.pb.go:111.80,116.59 1 0
gateway/internal/pb/auth/v1/auth_grpc.pb.go:116.59,118.3 1 0
gateway/internal/pb/auth/v1/auth_grpc.pb.go:119.2,119.50 1 0
gateway/internal/pb/auth/v1/auth_grpc.pb.go:122.162,124.32 2 0
gateway/internal/pb/auth/v1/auth_grpc.pb.go:124.32,126.3 1 0
gateway/internal/pb/auth/v1/auth_grpc.pb.go:127.2,127.24 1 0
gateway/internal/pb/auth/v1/auth_grpc.pb.go:127.24,129.3 1 0
gateway/internal/pb/auth/v1/auth_grpc.pb.go:130.2,134.77 2 0
gateway/internal/pb/auth/v1/auth_grpc.pb.go:134.77,136.3 1 0
gateway/internal/pb/auth/v1/auth_grpc.pb.go:137.2,137.44 1 0
gateway/internal/pb/auth/v1/auth_grpc.pb.go:140.170,142.32 2 0
gateway/internal/pb/auth/v1/auth_grpc.pb.go:142.32,144.3 1 0
gateway/internal/pb/auth/v1/auth_grpc.pb.go:145.2,145.24 1 0
gateway/internal/pb/auth/v1/auth_grpc.pb.go:145.24,147.3 1 0
gateway/internal/pb/auth/v1/auth_grpc.pb.go:148.2,152.77 2 0
gateway/internal/pb/auth/v1/auth_grpc.pb.go:152.77,154.3 1 0
gateway/internal/pb/auth/v1/auth_grpc.pb.go:155.2,155.44 1 0
gateway/internal/pb/auth/v1/auth_grpc.pb.go:158.165,160.32 2 0
gateway/internal/pb/auth/v1/auth_grpc.pb.go:160.32,162.3 1 0
gateway/internal/pb/auth/v1/auth_grpc.pb.go:163.2,163.24 1 0
gateway/internal/pb/auth/v1/auth_grpc.pb.go:163.24,165.3 1 0
gateway/internal/pb/auth/v1/auth_grpc.pb.go:166.2,170.77 2 0
gateway/internal/pb/auth/v1/auth_grpc.pb.go:170.77,172.3 1 0
gateway/internal/pb/auth/v1/auth_grpc.pb.go:173.2,173.44 1 0
gateway/internal/pb/ledger/v1/ledger.pb.go:33.36,38.2 4 0
gateway/internal/pb/ledger/v1/ledger.pb.go:40.44,42.2 1 0
gateway/internal/pb/ledger/v1/ledger.pb.go:44.42,44.43 0 0
gateway/internal/pb/ledger/v1/ledger.pb.go:46.64,48.14 2 0
gateway/internal/pb/ledger/v1/ledger.pb.go:48.14,50.34 2 0
gateway/internal/pb/ledger/v1/ledger.pb.go:50.34,52.4 1 0
gateway/internal/pb/ledger/v1/ledger.pb.go:53.3,53.12 1 0
gateway/internal/pb/ledger/v1/ledger.pb.go:55.2,55.24 1 0
gateway/internal/pb/ledger/v1/ledger.pb.go:59.55,61.2 1 0
gateway/internal/pb/ledger/v1/ledger.pb.go:63.49,64.14 1 0
gateway/internal/pb/ledger/v1/ledger.pb.go:64.14,66.3 1 0
gateway/internal/pb/ledger/v1/ledger.pb.go:67.2,67.11 1 0
gateway/internal/pb/ledger/v1/ledger.pb.go:70.47,71.14 1 0
gateway/internal/pb/ledger/v1/ledger.pb.go:71.14,73.3 1 0
gateway/internal/pb/ledger/v1/ledger.pb.go:74.2,74.10 1 0
gateway/internal/pb/ledger/v1/ledger.pb.go:84.36,89.2 4 0
gateway/internal/pb/ledger/v1/ledger.pb.go:91.44,93.2 1 0
gateway/internal/pb/ledger/v1/ledger.pb.go:95.42,95.43 0 0
gateway/internal/pb/ledger/v1/ledger.pb.go:97.64,99.14 2 0
gateway/internal/pb/ledger/v1/ledger.pb.go:99.14,101.34 2 0
gateway/internal/pb/ledger/v1/ledger.pb.go:101.34,103.4 1 0
gateway/internal/pb/ledger/v1/ledger.pb.go:104.3,104.12 1 0
gateway/internal/pb/ledger/v1/ledger.pb.go:106.2,106.24 1 0
gateway/internal/pb/ledger/v1/ledger.pb.go:110.55,112.2 1 0
gateway/internal/pb/ledger/v1/ledger.pb.go:114.49,115.14 1 0
gateway/internal/pb/ledger/v1/ledger.pb.go:115.14,117.3 1 0
gateway/internal/pb/ledger/v1/ledger.pb.go:118.2,118.11 1 0
gateway/internal/pb/ledger/v1/ledger.pb.go:129.37,134.2 4 0
gateway/internal/pb/ledger/v1/ledger.pb.go:136.45,138.2 1 0
gateway/internal/pb/ledger/v1/ledger.pb.go:140.43,140.44 0 0
gateway/internal/pb/ledger/v1/ledger.pb.go:142.65,144.14 2 0
gateway/internal/pb/ledger/v1/ledger.pb.go:144.14,146.34 2 0
gateway/internal/pb/ledger/v1/ledger.pb.go:146.34,148.4 1 0
gateway/internal/pb/ledger/v1/ledger.pb.go:149.3,149.12 1 0
gateway/internal/pb/ledger/v1/ledger.pb.go:151.2,151.24 1 0
gateway/internal/pb/ledger/v1/ledger.pb.go:155.56,157.2 1 0
gateway/internal/pb/ledger/v1/ledger.pb.go:159.50,160.14 1 0
gateway/internal/pb/ledger/v1/ledger.pb.go:160.14,162.3 1 0
gateway/internal/pb/ledger/v1/ledger.pb.go:163.2,163.11 1 0
gateway/internal/pb/ledger/v1/ledger.pb.go:166.48,167.14 1 0
gateway/internal/pb/ledger/v1/ledger.pb.go:167.14,169.3 1 0
gateway/internal/pb/ledger/v1/ledger.pb.go:170.2,170.10 1 0
gateway/internal/pb/ledger/v1/ledger.pb.go:180.41,185.2 4 0
gateway/internal/pb/ledger/v1/ledger.pb.go:187.49,189.2 1 0
gateway/internal/pb/ledger/v1/ledger.pb.go:191.47,191.48 0 0
gateway/internal/pb/ledger/v1/ledger.pb.go:193.69,195.14 2 0
gateway/internal/pb/ledger/v1/ledger.pb.go:195.14,197.34 2 0
gateway/internal/pb/ledger/v1/ledger.pb.go:197.34,199.4 1 0
gateway/internal/pb/ledger/v1/ledger.pb.go:200.3,200.12 1 0
gateway/internal/pb/ledger/v1/ledger.pb.go:202.2,202.24 1 0
gateway/internal/pb/ledger/v1/ledger.pb.go:206.60,208.2 1 0
gateway/internal/pb/ledger/v1/ledger.pb.go:210.67,211.14 1 0
gateway/internal/pb/ledger/v1/ledger.pb.go:211.14,213.3 1 0
gateway/internal/pb/ledger/v1/ledger.pb.go:214.2,214.12 1 0
gateway/internal/pb/ledger/v1/ledger.pb.go:227.41,232.2 4 0
gateway/internal/pb/ledger/v1/ledger.pb.go:234.49,236.2 1 0
gateway/internal/pb/ledger/v1/ledger.pb.go:238.47,238.48 0 0
gateway/internal/pb/ledger/v1/ledger.pb.go:240.69,242.14 2 0
gateway/internal/pb/ledger/v1/ledger.pb.go:242.14,244.34 2 0
gateway/internal/pb/ledger/v1/ledger.pb.go:244.34,246.4 1 0
gateway/internal/pb/ledger/v1/ledger.pb.go:247.3,247.12 1 0
gateway/internal/pb/ledger/v1/ledger.pb.go:249.2,249.24 1 0
gateway/internal/pb/ledger/v1/ledger.pb.go:253.60,255.2 1 0
gateway/internal/pb/ledger/v1/ledger.pb.go:257.53,258.14 1 0
gateway/internal/pb/ledger/v1/ledger.pb.go:258.14,260.3 1 0
gateway/internal/pb/ledger/v1/ledger.pb.go:261.2,261.10 1 0
gateway/internal/pb/ledger/v1/ledger.pb.go:264.54,265.14 1 0
gateway/internal/pb/ledger/v1/ledger.pb.go:265.14,267.3 1 0
gateway/internal/pb/ledger/v1/ledger.pb.go:268.2,268.11 1 0
gateway/internal/pb/ledger/v1/ledger.pb.go:271.57,272.14 1 0
gateway/internal/pb/ledger/v1/ledger.pb.go:272.14,274.3 1 0
gateway/internal/pb/ledger/v1/ledger.pb.go:275.2,275.11 1 0
gateway/internal/pb/ledger/v1/ledger.pb.go:278.50,279.14 1 0
gateway/internal/pb/ledger/v1/ledger.pb.go:279.14,281.3 1 0
gateway/internal/pb/ledger/v1/ledger.pb.go:282.2,282.11 1 0
gateway/internal/pb/ledger/v1/ledger.pb.go:292.45,297.2 4 0
gateway/internal/pb/ledger/v1/ledger.pb.go:299.53,301.2 1 0
gateway/internal/pb/ledger/v1/ledger.pb.go:303.51,303.52 0 0
gateway/internal/pb/ledger/v1/ledger.pb.go:305.73,307.14 2 0
gateway/internal/pb/ledger/v1/ledger.pb.go:307.14,309.34 2 0
gateway/internal/pb/ledger/v1/ledger.pb.go:309.34,311.4 1 0
gateway/internal/pb/ledger/v1/ledger.pb.go:312.3,312.12 1 0
gateway/internal/pb/ledger/v1/ledger.pb.go:314.2,314.24 1 0
gateway/internal/pb/ledger/v1/ledger.pb.go:318.64,320.2 1 0
gateway/internal/pb/ledger/v1/ledger.pb.go:322.80,323.14 1 0
gateway/internal/pb/ledger/v1/ledger.pb.go:323.14,325.3 1 0
gateway/internal/pb/ledger/v1/ledger.pb.go:326.2,326.12 1 0
gateway/internal/pb/ledger/v1/ledger.pb.go:338.46,343.2 4 0
gateway/internal/pb/ledger/v1/ledger.pb.go:345.54,347.2 1 0
gateway/internal/pb/ledger/v1/ledger.pb.go:349.52,349.53 0 0
gateway/internal/pb/ledger/v1/ledger.pb.go:351.74,353.14 2 0
gateway/internal/pb/ledger/v1/ledger.pb.go:353.14,355.34 2 0
gateway/internal/pb/ledger/v1/ledger.pb.go:355.34,357.4 1 0
gateway/internal/pb/ledger/v1/ledger.pb.go:358.3,358.12 1 0
gateway/internal/pb/ledger/v1/ledger.pb.go:360.2,360.24 1 0
gateway/internal/pb/ledger/v1/ledger.pb.go:364.65,366.2 1 0
gateway/internal/pb/ledger/v1/ledger.pb.go:368.58,369.14 1 0
gateway/internal/pb/ledger/v1/ledger.pb.go:369.14,371.3 1 0
gateway/internal/pb/ledger/v1/ledger.pb.go:372.2,372.10 1 0
gateway/internal/pb/ledger/v1/ledger.pb.go:375.58,376.14 1 0
gateway/internal/pb/ledger/v1/ledger.pb.go:376.14,378.3 1 0
gateway/internal/pb/ledger/v1/ledger.pb.go:379.2,379.10 1 0
gateway/internal/pb/ledger/v1/ledger.pb.go:382.67,383.14 1 0
gateway/internal/pb/ledger/v1/ledger.pb.go:383.14,385.3 1 0
gateway/internal/pb/ledger/v1/ledger.pb.go:386.2,386.12 1 0
gateway/internal/pb/ledger/v1/ledger.pb.go:396.42,401.2 4 0
gateway/internal/pb/ledger/v1/ledger.pb.go:403.50,405.2 1 0
gateway/internal/pb/ledger/v1/ledger.pb.go:407.48,407.49 0 0
gateway/internal/pb/ledger/v1/ledger.pb.go:409.70,411.14 2 0
gateway/internal/pb/ledger/v1/ledger.pb.go:411.14,413.34 2 0
gateway/internal/pb/ledger/v1/ledger.pb.go:413.34,415.4 1 0
gateway/internal/pb/ledger/v1/ledger.pb.go:416.3,416.12 1 0
gateway/internal/pb/ledger/v1/ledger.pb.go:418.2,418.24 1 0
gateway/internal/pb/ledger/v1/ledger.pb.go:422.61,424.2 1 0
gateway/internal/pb/ledger/v1/ledger.pb.go:426.48,427.14 1 0
gateway/internal/pb/ledger/v1/ledger.pb.go:427.14,429.3 1 0
gateway/internal/pb/ledger/v1/ledger.pb.go:430.2,430.10 1 0
gateway/internal/pb/ledger/v1/ledger.pb.go:440.41,445.2 4 0
gateway/internal/pb/ledger/v1/ledger.pb.go:447.49,449.2 1 0
gateway/internal/pb/ledger/v1/ledger.pb.go:451.47,451.48 0 0
gateway/internal/pb/ledger/v1/ledger.pb.go:453.69,455.14 2 0
gateway/internal/pb/ledger/v1/ledger.pb.go:455.14,457.34 2 0
gateway/internal/pb/ledger/v1/ledger.pb.go:457.34,459.4 1 0
gateway/internal/pb/ledger/v1/ledger.pb.go:460.3,460.12 1 0
gateway/internal/pb/ledger/v1/ledger.pb.go:462.2,462.24 1 0
gateway/internal/pb/ledger/v1/ledger.pb.go:466.60,468.2 1 0
gateway/internal/pb/ledger/v1/ledger.pb.go:470.47,471.14 1 0
gateway/internal/pb/ledger/v1/ledger.pb.go:471.14,473.3 1 0
gateway/internal/pb/ledger/v1/ledger.pb.go:474.2,474.10 1 0
gateway/internal/pb/ledger/v1/ledger.pb.go:488.42,493.2 4 0
gateway/internal/pb/ledger/v1/ledger.pb.go:495.50,497.2 1 0
gateway/internal/pb/ledger/v1/ledger.pb.go:499.48,499.49 0 0
gateway/internal/pb/ledger/v1/ledger.pb.go:501.70,503.14 2 0
gateway/internal/pb/ledger/v1/ledger.pb.go:503.14,505.34 2 0
gateway/internal/pb/ledger/v1/ledger.pb.go:505.34,507.4 1 0
gateway/internal/pb/ledger/v1/ledger.pb.go:508.3,508.12 1 0
gateway/internal/pb/ledger/v1/ledger.pb.go:510.2,510.24 1 0
gateway/internal/pb/ledger/v1/ledger.pb.go:514.61,516.2 1 0
gateway/internal/pb/ledger/v1/ledger.pb.go:518.48,519.14 1 0
gateway/internal/pb/ledger/v1/ledger.pb.go:519.14,521.3 1 0
gateway/internal/pb/ledger/v1/ledger.pb.go:522.2,522.10 1 0
gateway/internal/pb/ledger/v1/ledger.pb.go:525.54,526.14 1 0
gateway/internal/pb/ledger/v1/ledger.pb.go:526.14,528.3 1 0
gateway/internal/pb/ledger/v1/ledger.pb.go:529.2,529.10 1 0
gateway/internal/pb/ledger/v1/ledger.pb.go:532.55,533.14 1 0
gateway/internal/pb/ledger/v1/ledger.pb.go:533.14,535.3 1 0
gateway/internal/pb/ledger/v1/ledger.pb.go:536.2,536.11 1 0
gateway/internal/pb/ledger/v1/ledger.pb.go:539.58,540.14 1 0
gateway/internal/pb/ledger/v1/ledger.pb.go:540.14,542.3 1 0
gateway/internal/pb/ledger/v1/ledger.pb.go:543.2,543.11 1 0
gateway/internal/pb/ledger/v1/ledger.pb.go:546.51,547.14 1 0
gateway/internal/pb/ledger/v1/ledger.pb.go:547.14,549.3 1 0
gateway/internal/pb/ledger/v1/ledger.pb.go:550.2,550.11 1 0
gateway/internal/pb/ledger/v1/ledger.pb.go:560.46,565.2 4 0
gateway/internal/pb/ledger/v1/ledger.pb.go:567.54,569.2 1 0
gateway/internal/pb/ledger/v1/ledger.pb.go:571.52,571.53 0 0
gateway/internal/pb/ledger/v1/ledger.pb.go:573.74,575.14 2 0
gateway/internal/pb/ledger/v1/ledger.pb.go:575.14,577.34 2 0
gateway/internal/pb/ledger/v1/ledger.pb.go:577.34,579.4 1 0
gateway/internal/pb/ledger/v1/ledger.pb.go:580.3,580.12 1 0
gateway/internal/pb/ledger/v1/ledger.pb.go:582.2,582.24 1 0
gateway/internal/pb/ledger/v1/ledger.pb.go:586.65,588.2 1 0
gateway/internal/pb/ledger/v1/ledger.pb.go:590.82,591.14 1 0
gateway/internal/pb/ledger/v1/ledger.pb.go:591.14,593.3 1 0
gateway/internal/pb/ledger/v1/ledger.pb.go:594.2,594.12 1 0
gateway/internal/pb/ledger/v1/ledger.pb.go:605.34,610.2 4 0
gateway/internal/pb/ledger/v1/ledger.pb.go:612.42,614.2 1 0
gateway/internal/pb/ledger/v1/ledger.pb.go:616.40,616.41 0 0
gateway/internal/pb/ledger/v1/ledger.pb.go:618.62,620.14 2 0
gateway/internal/pb/ledger/v1/ledger.pb.go:620.14,622.34 2 0
gateway/internal/pb/ledger/v1/ledger.pb.go:622.34,624.4 1 0
gateway/internal/pb/ledger/v1/ledger.pb.go:625.3,625.12 1 0
gateway/internal/pb/ledger/v1/ledger.pb.go:627.2,627.24 1 0
gateway/internal/pb/ledger/v1/ledger.pb.go:631.53,633.2 1 0
gateway/internal/pb/ledger/v1/ledger.pb.go:635.43,636.14 1 0
gateway/internal/pb/ledger/v1/ledger.pb.go:636.14,638.3 1 0
gateway/internal/pb/ledger/v1/ledger.pb.go:639.2,639.11 1 0
gateway/internal/pb/ledger/v1/ledger.pb.go:642.41,643.14 1 0
gateway/internal/pb/ledger/v1/ledger.pb.go:643.14,645.3 1 0
gateway/internal/pb/ledger/v1/ledger.pb.go:646.2,646.11 1 0
gateway/internal/pb/ledger/v1/ledger.pb.go:657.35,662.2 4 0
gateway/internal/pb/ledger/v1/ledger.pb.go:664.43,666.2 1 0
gateway/internal/pb/ledger/v1/ledger.pb.go:668.41,668.42 0 0
gateway/internal/pb/ledger/v1/ledger.pb.go:670.63,672.14 2 0
gateway/internal/pb/ledger/v1/ledger.pb.go:672.14,674.34 2 0
gateway/internal/pb/ledger/v1/ledger.pb.go:674.34,676.4 1 0
gateway/internal/pb/ledger/v1/ledger.pb.go:677.3,677.12 1 0
gateway/internal/pb/ledger/v1/ledger.pb.go:679.2,679.24 1 0
gateway/internal/pb/ledger/v1/ledger.pb.go:683.54,685.2 1 0
gateway/internal/pb/ledger/v1/ledger.pb.go:687.58,688.14 1 0
gateway/internal/pb/ledger/v1/ledger.pb.go:688.14,690.3 1 0
gateway/internal/pb/ledger/v1/ledger.pb.go:691.2,691.12 1 0
gateway/internal/pb/ledger/v1/ledger.pb.go:694.49,695.14 1 0
gateway/internal/pb/ledger/v1/ledger.pb.go:695.14,697.3 1 0
gateway/internal/pb/ledger/v1/ledger.pb.go:698.2,698.14 1 0
gateway/internal/pb/ledger/v1/ledger.pb.go:766.55,767.52 1 0
gateway/internal/pb/ledger/v1/ledger.pb.go:767.52,769.3 1 0
gateway/internal/pb/ledger/v1/ledger.pb.go:770.2,770.48 1 0
gateway/internal/pb/ledger/v1/ledger.pb.go:821.13,821.51 1 0
gateway/internal/pb/ledger/v1/ledger.pb.go:822.41,823.40 1 0
gateway/internal/pb/ledger/v1/ledger.pb.go:823.40,825.3 1 0
gateway/internal/pb/ledger/v1/ledger.pb.go:826.2,842.43 5 0
gateway/internal/pb/ledger/v1/ledger_grpc.pb.go:51.78,53.2 1 0
gateway/internal/pb/ledger/v1/ledger_grpc.pb.go:55.133,59.16 4 0
gateway/internal/pb/ledger/v1/ledger_grpc.pb.go:59.16,61.3 1 0
gateway/internal/pb/ledger/v1/ledger_grpc.pb.go:62.2,62.17 1 0
gateway/internal/pb/ledger/v1/ledger_grpc.pb.go:65.137,69.16 4 0
gateway/internal/pb/ledger/v1/ledger_grpc.pb.go:69.16,71.3 1 0
gateway/internal/pb/ledger/v1/ledger_grpc.pb.go:72.2,72.17 1 0
gateway/internal/pb/ledger/v1/ledger_grpc.pb.go:75.140,79.16 4 0
gateway/internal/pb/ledger/v1/ledger_grpc.pb.go:79.16,81.3 1 0
gateway/internal/pb/ledger/v1/ledger_grpc.pb.go:82.2,82.17 1 0
gateway/internal/pb/ledger/v1/ledger_grpc.pb.go:85.152,89.16 4 0
gateway/internal/pb/ledger/v1/ledger_grpc.pb.go:89.16,91.3 1 0
gateway/internal/pb/ledger/v1/ledger_grpc.pb.go:92.2,92.17 1 0
gateway/internal/pb/ledger/v1/ledger_grpc.pb.go:95.152,99.16 4 0
gateway/internal/pb/ledger/v1/ledger_grpc.pb.go:99.16,101.3 1 0
gateway/internal/pb/ledger/v1/ledger_grpc.pb.go:102.2,102.17 1 0
gateway/internal/pb/ledger/v1/ledger_grpc.pb.go:105.149,109.16 4 0
gateway/internal/pb/ledger/v1/ledger_grpc.pb.go:109.16,111.3 1 0
gateway/internal/pb/ledger/v1/ledger_grpc.pb.go:112.2,112.17 1 0
gateway/internal/pb/ledger/v1/ledger_grpc.pb.go:115.137,119.16 4 0
gateway/internal/pb/ledger/v1/ledger_grpc.pb.go:119.16,121.3 1 0
gateway/internal/pb/ledger/v1/ledger_grpc.pb.go:122.2,122.17 1 0
gateway/internal/pb/ledger/v1/ledger_grpc.pb.go:125.165,129.16 4 0
gateway/internal/pb/ledger/v1/ledger_grpc.pb.go:129.16,131.3 1 0
gateway/internal/pb/ledger/v1/ledger_grpc.pb.go:132.2,132.17 1 0
gateway/internal/pb/ledger/v1/ledger_grpc.pb.go:157.111,159.2 1 0
gateway/internal/pb/ledger/v1/ledger_grpc.pb.go:160.115,162.2 1 0
gateway/internal/pb/ledger/v1/ledger_grpc.pb.go:163.118,165.2 1 0
gateway/internal/pb/ledger/v1/ledger_grpc.pb.go:166.130,168.2 1 0
gateway/internal/pb/ledger/v1/ledger_grpc.pb.go:169.130,171.2 1 0
gateway/internal/pb/ledger/v1/ledger_grpc.pb.go:172.127,174.2 1 0
gateway/internal/pb/ledger/v1/ledger_grpc.pb.go:175.115,177.2 1 0
gateway/internal/pb/ledger/v1/ledger_grpc.pb.go:178.143,180.2 1 0
gateway/internal/pb/ledger/v1/ledger_grpc.pb.go:181.86,181.87 0 0
gateway/internal/pb/ledger/v1/ledger_grpc.pb.go:182.86,182.87 0 0
gateway/internal/pb/ledger/v1/ledger_grpc.pb.go:191.84,196.59 1 0
gateway/internal/pb/ledger/v1/ledger_grpc.pb.go:196.59,198.3 1 0
gateway/internal/pb/ledger/v1/ledger_grpc.pb.go:199.2,199.52 1 0
gateway/internal/pb/ledger/v1/ledger_grpc.pb.go:202.168,204.32 2 0
gateway/internal/pb/ledger/v1/ledger_grpc.pb.go:204.32,206.3 1 0
gateway/internal/pb/ledger/v1/ledger_grpc.pb.go:207.2,207.24 1 0
gateway/internal/pb/ledger/v1/ledger_grpc.pb.go:207.24,209.3 1 0
gateway/internal/pb/ledger/v1/ledger_grpc.pb.go:210.2,214.77 2 0
gateway/internal/pb/ledger/v1/ledger_grpc.pb.go:214.77,216.3 1 0
gateway/internal/pb/ledger/v1/ledger_grpc.pb.go:217.2,217.44 1 0
gateway/internal/pb/ledger/v1/ledger_grpc.pb.go:220.168,222.32 2 0
gateway/internal/pb/ledger/v1/ledger_grpc.pb.go:222.32,224.3 1 0
gateway/internal/pb/ledger/v1/ledger_grpc.pb.go:225.2,225.24 1 0
gateway/internal/pb/ledger/v1/ledger_grpc.pb.go:225.24,227.3 1 0
gateway/internal/pb/ledger/v1/ledger_grpc.pb.go:228.2,232.77 2 0
gateway/internal/pb/ledger/v1/ledger_grpc.pb.go:232.77,234.3 1 0
gateway/internal/pb/ledger/v1/ledger_grpc.pb.go:235.2,235.44 1 0
gateway/internal/pb/ledger/v1/ledger_grpc.pb.go:238.170,240.32 2 0
gateway/internal/pb/ledger/v1/ledger_grpc.pb.go:240.32,242.3 1 0
gateway/internal/pb/ledger/v1/ledger_grpc.pb.go:243.2,243.24 1 0
gateway/internal/pb/ledger/v1/ledger_grpc.pb.go:243.24,245.3 1 0
gateway/internal/pb/ledger/v1/ledger_grpc.pb.go:246.2,250.77 2 0
gateway/internal/pb/ledger/v1/ledger_grpc.pb.go:250.77,252.3 1 0
gateway/internal/pb/ledger/v1/ledger_grpc.pb.go:253.2,253.44 1 0
gateway/internal/pb/ledger/v1/ledger_grpc.pb.go:256.173,258.32 2 0
gateway/internal/pb/ledger/v1/ledger_grpc.pb.go:258.32,260.3 1 0
gateway/internal/pb/ledger/v1/ledger_grpc.pb.go:261.2,261.24 1 0
gateway/internal/pb/ledger/v1/ledger_grpc.pb.go:261.24,263.3 1 0
gateway/internal/pb/ledger/v1/ledger_grpc.pb.go:264.2,268.77 2 0
gateway/internal/pb/ledger/v1/ledger_grpc.pb.go:268.77,270.3 1 0
gateway/internal/pb/ledger/v1/ledger_grpc.pb.go:271.2,271.44 1 0
gateway/internal/pb/ledger/v1/ledger_grpc.pb.go:274.173,276.32 2 0
gateway/internal/pb/ledger/v1/ledger_grpc.pb.go:276.32,278.3 1 0
gateway/internal/pb/ledger/v1/ledger_grpc.pb.go:279.2,279.24 1 0
gateway/internal/pb/ledger/v1/ledger_grpc.pb.go:279.24,281.3 1 0
gateway/internal/pb/ledger/v1/ledger_grpc.pb.go:282.2,286.77 2 0
gateway/internal/pb/ledger/v1/ledger_grpc.pb.go:286.77,288.3 1 0
gateway/internal/pb/ledger/v1/ledger_grpc.pb.go:289.2,289.44 1 0
gateway/internal/pb/ledger/v1/ledger_grpc.pb.go:292.174,294.32 2 0
gateway/internal/pb/ledger/v1/ledger_grpc.pb.go:294.32,296.3 1 0
gateway/internal/pb/ledger/v1/ledger_grpc.pb.go:297.2,297.24 1 0
gateway/internal/pb/ledger/v1/ledger_grpc.pb.go:297.24,299.3 1 0
gateway/internal/pb/ledger/v1/ledger_grpc.pb.go:300.2,304.77 2 0
gateway/internal/pb/ledger/v1/ledger_grpc.pb.go:304.77,306.3 1 0
gateway/internal/pb/ledger/v1/ledger_grpc.pb.go:307.2,307.44 1 0
gateway/internal/pb/ledger/v1/ledger_grpc.pb.go:310.172,312.32 2 0
gateway/internal/pb/ledger/v1/ledger_grpc.pb.go:312.32,314.3 1 0
gateway/internal/pb/ledger/v1/ledger_grpc.pb.go:315.2,315.24 1 0
gateway/internal/pb/ledger/v1/ledger_grpc.pb.go:315.24,317.3 1 0
gateway/internal/pb/ledger/v1/ledger_grpc.pb.go:318.2,322.77 2 0
gateway/internal/pb/ledger/v1/ledger_grpc.pb.go:322.77,324.3 1 0
gateway/internal/pb/ledger/v1/ledger_grpc.pb.go:325.2,325.44 1 0
gateway/internal/pb/ledger/v1/ledger_grpc.pb.go:328.178,330.32 2 0
gateway/internal/pb/ledger/v1/ledger_grpc.pb.go:330.32,332.3 1 0
gateway/internal/pb/ledger/v1/ledger_grpc.pb.go:333.2,333.24 1 0
gateway/internal/pb/ledger/v1/ledger_grpc.pb.go:333.24,335.3 1 0
gateway/internal/pb/ledger/v1/ledger_grpc.pb.go:336.2,340.77 2 0
gateway/internal/pb/ledger/v1/ledger_grpc.pb.go:340.77,342.3 1 0
gateway/internal/pb/ledger/v1/ledger_grpc.pb.go:343.2,343.44 1 0
gateway/internal/handler/ledger_handler.go:19.70,20.14 1 1
gateway/internal/handler/ledger_handler.go:20.14,21.42 1 0
gateway/internal/handler/ledger_handler.go:23.2,23.35 1 1
gateway/internal/handler/ledger_handler.go:26.54,28.2 2 0
gateway/internal/handler/ledger_handler.go:28.2,32.3 3 0
gateway/internal/handler/ledger_handler.go:33.2,34.2 2 0
gateway/internal/handler/ledger_handler.go:34.2,40.3 5 0
gateway/internal/handler/ledger_handler.go:41.2,42.2 2 0
gateway/internal/handler/ledger_handler.go:42.2,44.3 1 0
gateway/internal/handler/ledger_handler.go:47.51,49.47 2 1
gateway/internal/handler/ledger_handler.go:49.47,52.3 2 0
gateway/internal/handler/ledger_handler.go:53.2,53.24 1 1
gateway/internal/handler/ledger_handler.go:53.24,56.3 2 1
gateway/internal/handler/ledger_handler.go:57.2,58.16 2 1
gateway/internal/handler/ledger_handler.go:58.16,61.3 2 1
gateway/internal/handler/ledger_handler.go:62.2,62.25 1 1
gateway/internal/handler/ledger_handler.go:65.51,68.20 3 1
gateway/internal/handler/ledger_handler.go:68.20,71.3 2 1
gateway/internal/handler/ledger_handler.go:72.2,74.16 3 1
gateway/internal/handler/ledger_handler.go:74.16,77.3 2 1
gateway/internal/handler/ledger_handler.go:78.2,78.29 1 1
gateway/internal/handler/ledger_handler.go:81.52,83.16 2 1
gateway/internal/handler/ledger_handler.go:83.16,86.3 2 1
gateway/internal/handler/ledger_handler.go:87.2,87.29 1 1
gateway/internal/handler/ledger_handler.go:90.56,92.47 2 1
gateway/internal/handler/ledger_handler.go:92.47,95.3 2 0
gateway/internal/handler/ledger_handler.go:96.2,96.21 1 1
gateway/internal/handler/ledger_handler.go:96.21,99.3 2 1
gateway/internal/handler/ledger_handler.go:100.2,100.24 1 1
gateway/internal/handler/ledger_handler.go:100.24,103.3 2 1
gateway/internal/handler/ledger_handler.go:104.2,104.20 1 1
gateway/internal/handler/ledger_handler.go:104.20,107.3 2 1
gateway/internal/handler/ledger_handler.go:108.2,108.27 1 1
gateway/internal/handler/ledger_handler.go:108.27,111.3 2 1
gateway/internal/handler/ledger_handler.go:112.2,113.103 2 1
gateway/internal/handler/ledger_handler.go:113.103,116.3 2 1
gateway/internal/handler/ledger_handler.go:117.2,117.65 1 1
gateway/internal/handler/ledger_handler.go:117.65,120.3 2 0
gateway/internal/handler/ledger_handler.go:121.2,121.16 1 1
gateway/internal/handler/ledger_handler.go:121.16,124.3 2 1
gateway/internal/handler/ledger_handler.go:125.2,125.29 1 1
gateway/internal/handler/ledger_handler.go:128.56,131.17 3 1
gateway/internal/handler/ledger_handler.go:131.17,134.3 2 1
gateway/internal/handler/ledger_handler.go:135.2,136.16 2 1
gateway/internal/handler/ledger_handler.go:136.16,139.3 2 1
gateway/internal/handler/ledger_handler.go:140.2,142.16 3 1
gateway/internal/handler/ledger_handler.go:142.16,145.3 2 1
gateway/internal/handler/ledger_handler.go:146.2,146.29 1 1
gateway/internal/handler/ledger_handler.go:149.57,151.16 2 1
gateway/internal/handler/ledger_handler.go:151.16,154.3 2 1
gateway/internal/handler/ledger_handler.go:155.2,155.29 1 1
gateway/internal/handler/ledger_handler.go:158.62,160.16 2 1
gateway/internal/handler/ledger_handler.go:160.16,163.3 2 1
gateway/internal/handler/ledger_handler.go:164.2,169.98 5 1
gateway/internal/handler/ledger_handler.go:169.98,172.3 2 0
gateway/internal/handler/ledger_handler.go:173.2,173.34 1 1
gateway/internal/handler/ledger_handler.go:173.34,181.46 2 1
gateway/internal/handler/ledger_handler.go:181.46,184.4 2 0
gateway/internal/handler/ledger_handler.go:188.55,193.16 5 1
gateway/internal/handler/ledger_handler.go:193.16,196.3 2 1
gateway/internal/handler/ledger_handler.go:197.2,199.16 3 1
gateway/internal/handler/ledger_handler.go:199.16,202.3 2 1
gateway/internal/handler/ledger_handler.go:203.2,206.16 4 1
gateway/internal/handler/ledger_handler.go:206.16,209.3 2 1
gateway/internal/handler/ledger_handler.go:210.2,210.29 1 1
gateway/internal/handler/ledger_handler.go:213.60,215.47 2 1
gateway/internal/handler/ledger_handler.go:215.47,218.3 2 0
gateway/internal/handler/ledger_handler.go:219.2,220.16 2 1
gateway/internal/handler/ledger_handler.go:220.16,223.3 2 1
gateway/internal/handler/ledger_handler.go:224.2,224.29 1 1
