mode: set
ledger/internal/service/service.go:30.181,36.2 1 1
ledger/internal/service/service.go:38.89,40.16 2 1
ledger/internal/service/service.go:40.16,42.3 1 1
ledger/internal/service/service.go:43.2,44.16 2 1
ledger/internal/service/service.go:44.16,46.3 1 1
ledger/internal/service/service.go:47.2,47.12 1 1
ledger/internal/service/service.go:50.101,52.16 2 1
ledger/internal/service/service.go:52.16,54.3 1 1
ledger/internal/service/service.go:55.2,55.20 1 1
ledger/internal/service/service.go:58.96,60.16 2 1
ledger/internal/service/service.go:60.16,62.3 1 1
ledger/internal/service/service.go:63.2,64.33 2 1
ledger/internal/service/service.go:64.33,66.3 1 1
ledger/internal/service/service.go:67.2,67.23 1 1
ledger/internal/service/service.go:70.113,72.16 2 1
ledger/internal/service/service.go:72.16,74.3 1 1
ledger/internal/service/service.go:75.2,76.16 2 1
ledger/internal/service/service.go:76.16,78.3 1 1
ledger/internal/service/service.go:79.2,80.16 2 1
ledger/internal/service/service.go:80.16,82.3 1 0
ledger/internal/service/service.go:83.2,83.46 1 1
ledger/internal/service/service.go:83.46,85.3 1 1
ledger/internal/service/service.go:86.2,87.16 2 1
ledger/internal/service/service.go:87.16,89.3 1 0
ledger/internal/service/service.go:90.2,90.16 1 1
ledger/internal/service/service.go:93.104,95.16 2 1
ledger/internal/service/service.go:95.16,97.3 1 1
ledger/internal/service/service.go:98.2,98.25 1 1
ledger/internal/service/service.go:101.97,103.16 2 1
ledger/internal/service/service.go:103.16,105.3 1 1
ledger/internal/service/service.go:106.2,106.26 1 1
ledger/internal/service/service.go:109.116,111.2 1 1
ledger/internal/service/service.go:119.131,121.6 2 0
ledger/internal/service/service.go:121.6,122.10 1 0
ledger/internal/service/service.go:123.26,124.11 1 0
ledger/internal/service/service.go:124.11,127.5 2 0
ledger/internal/service/service.go:128.4,130.18 3 0
ledger/internal/service/service.go:130.18,132.10 2 0
ledger/internal/service/service.go:134.4,135.18 2 0
ledger/internal/service/service.go:135.18,136.52 1 0
ledger/internal/service/service.go:136.52,138.11 2 0
ledger/internal/service/service.go:140.5,141.10 2 0
ledger/internal/service/service.go:143.4,144.18 2 0
ledger/internal/service/service.go:144.18,146.10 2 0
ledger/internal/service/service.go:148.4,148.48 1 0
ledger/internal/service/service.go:148.48,150.10 2 0
ledger/internal/service/service.go:152.4,153.18 2 0
ledger/internal/service/service.go:153.18,155.10 2 0
ledger/internal/service/service.go:157.4,157.68 1 0
ledger/internal/service/service.go:158.21,160.10 2 0
ledger/internal/service/service.go:177.153,181.28 4 0
ledger/internal/service/service.go:181.28,184.3 2 0
ledger/internal/service/service.go:186.2,186.12 1 0
ledger/internal/service/service.go:186.12,187.42 1 0
ledger/internal/service/service.go:187.42,189.4 1 0
ledger/internal/service/service.go:190.3,190.14 1 0
ledger/internal/service/service.go:193.2,193.12 1 0
ledger/internal/service/service.go:193.12,196.3 2 0
ledger/internal/service/service.go:197.2,200.30 3 0
ledger/internal/service/service.go:200.30,202.21 2 0
ledger/internal/service/service.go:202.21,204.4 1 0
ledger/internal/service/service.go:204.9,207.4 2 0
ledger/internal/service/service.go:208.3,208.17 1 0
ledger/internal/service/service.go:211.2,211.18 1 0
ledger/internal/grpcserver/ledger_server.go:21.63,23.2 1 1
ledger/internal/grpcserver/ledger_server.go:25.105,26.29 1 1
ledger/internal/grpcserver/ledger_server.go:26.29,28.3 1 1
ledger/internal/grpcserver/ledger_server.go:29.2,29.25 1 1
ledger/internal/grpcserver/ledger_server.go:29.25,31.3 1 1
ledger/internal/grpcserver/ledger_server.go:32.2,37.16 3 1
ledger/internal/grpcserver/ledger_server.go:37.16,39.3 1 1
ledger/internal/grpcserver/ledger_server.go:40.2,40.30 1 1
ledger/internal/grpcserver/ledger_server.go:43.112,44.29 1 1
ledger/internal/grpcserver/ledger_server.go:44.29,46.3 1 1
ledger/internal/grpcserver/ledger_server.go:47.2,48.16 2 1
ledger/internal/grpcserver/ledger_server.go:48.16,50.3 1 1
ledger/internal/grpcserver/ledger_server.go:51.2,54.8 1 1
ledger/internal/grpcserver/ledger_server.go:57.110,59.16 2 1
ledger/internal/grpcserver/ledger_server.go:59.16,61.3 1 0
ledger/internal/grpcserver/ledger_server.go:63.2,64.33 2 1
ledger/internal/grpcserver/ledger_server.go:64.33,69.3 1 1
ledger/internal/grpcserver/ledger_server.go:71.2,73.8 1 1
ledger/internal/grpcserver/ledger_server.go:76.127,77.26 1 1
ledger/internal/grpcserver/ledger_server.go:77.26,79.3 1 0
ledger/internal/grpcserver/ledger_server.go:80.2,80.29 1 1
ledger/internal/grpcserver/ledger_server.go:80.29,82.3 1 0
ledger/internal/grpcserver/ledger_server.go:83.2,83.25 1 1
ledger/internal/grpcserver/ledger_server.go:83.25,85.3 1 0
ledger/internal/grpcserver/ledger_server.go:86.2,86.32 1 1
ledger/internal/grpcserver/ledger_server.go:86.32,88.3 1 0
ledger/internal/grpcserver/ledger_server.go:89.2,96.16 3 1
ledger/internal/grpcserver/ledger_server.go:96.16,98.3 1 0
ledger/internal/grpcserver/ledger_server.go:99.2,101.8 1 1
ledger/internal/grpcserver/ledger_server.go:104.127,105.22 1 1
ledger/internal/grpcserver/ledger_server.go:105.22,107.3 1 0
ledger/internal/grpcserver/ledger_server.go:108.2,109.16 2 1
ledger/internal/grpcserver/ledger_server.go:109.16,111.3 1 0
ledger/internal/grpcserver/ledger_server.go:112.2,118.8 1 1
ledger/internal/grpcserver/ledger_server.go:121.121,123.16 2 1
ledger/internal/grpcserver/ledger_server.go:123.16,125.3 1 0
ledger/internal/grpcserver/ledger_server.go:126.2,127.25 2 1
ledger/internal/grpcserver/ledger_server.go:127.25,135.3 1 1
ledger/internal/grpcserver/ledger_server.go:137.2,139.8 1 1
ledger/internal/grpcserver/ledger_server.go:142.112,143.20 1 1
ledger/internal/grpcserver/ledger_server.go:143.20,145.3 1 0
ledger/internal/grpcserver/ledger_server.go:146.2,146.18 1 1
ledger/internal/grpcserver/ledger_server.go:146.18,148.3 1 0
ledger/internal/grpcserver/ledger_server.go:149.2,150.16 2 1
ledger/internal/grpcserver/ledger_server.go:150.16,152.3 1 0
ledger/internal/grpcserver/ledger_server.go:153.2,156.8 1 1
ledger/internal/grpcserver/ledger_server.go:159.140,161.47 2 1
ledger/internal/grpcserver/ledger_server.go:161.47,168.3 1 1
ledger/internal/grpcserver/ledger_server.go:169.2,170.16 2 1
ledger/internal/grpcserver/ledger_server.go:170.16,172.3 1 0
ledger/internal/grpcserver/ledger_server.go:173.2,177.8 1 1
ledger/cmd/main.go:26.13,32.20 5 0
ledger/cmd/main.go:32.20,34.3 1 0
ledger/cmd/main.go:35.2,37.16 3 0
ledger/cmd/main.go:37.16,39.3 1 0
ledger/cmd/main.go:41.2,48.16 6 0
ledger/cmd/main.go:48.16,52.3 3 0
ledger/cmd/main.go:53.2,57.16 4 0
ledger/cmd/main.go:57.16,61.3 3 0
ledger/cmd/main.go:62.2,79.20 7 0
ledger/cmd/main.go:79.20,81.44 2 0
ledger/cmd/main.go:81.44,83.4 1 0
ledger/cmd/main.go:84.3,84.13 1 0
ledger/cmd/main.go:87.2,87.20 1 0
ledger/cmd/main.go:87.20,91.3 3 0
ledger/cmd/main.go:93.2,93.70 1 0
ledger/cmd/main.go:93.70,95.3 1 0
ledger/internal/pb/ledger/v1/ledger.pb.go:33.36,38.2 4 0
ledger/internal/pb/ledger/v1/ledger.pb.go:40.44,42.2 1 0
ledger/internal/pb/ledger/v1/ledger.pb.go:44.42,44.43 0 0
ledger/internal/pb/ledger/v1/ledger.pb.go:46.64,48.14 2 0
ledger/internal/pb/ledger/v1/ledger.pb.go:48.14,50.34 2 0
ledger/internal/pb/ledger/v1/ledger.pb.go:50.34,52.4 1 0
ledger/internal/pb/ledger/v1/ledger.pb.go:53.3,53.12 1 0
ledger/internal/pb/ledger/v1/ledger.pb.go:55.2,55.24 1 0
ledger/internal/pb/ledger/v1/ledger.pb.go:59.55,61.2 1 0
ledger/internal/pb/ledger/v1/ledger.pb.go:63.49,64.14 1 0
ledger/internal/pb/ledger/v1/ledger.pb.go:64.14,66.3 1 0
ledger/internal/pb/ledger/v1/ledger.pb.go:67.2,67.11 1 0
ledger/internal/pb/ledger/v1/ledger.pb.go:70.47,71.14 1 0
ledger/internal/pb/ledger/v1/ledger.pb.go:71.14,73.3 1 0
ledger/internal/pb/ledger/v1/ledger.pb.go:74.2,74.10 1 0
ledger/internal/pb/ledger/v1/ledger.pb.go:84.36,89.2 4 0
ledger/internal/pb/ledger/v1/ledger.pb.go:91.44,93.2 1 0
ledger/internal/pb/ledger/v1/ledger.pb.go:95.42,95.43 0 0
ledger/internal/pb/ledger/v1/ledger.pb.go:97.64,99.14 2 0
ledger/internal/pb/ledger/v1/ledger.pb.go:99.14,101.34 2 0
ledger/internal/pb/ledger/v1/ledger.pb.go:101.34,103.4 1 0
ledger/internal/pb/ledger/v1/ledger.pb.go:104.3,104.12 1 0
ledger/internal/pb/ledger/v1/ledger.pb.go:106.2,106.24 1 0
ledger/internal/pb/ledger/v1/ledger.pb.go:110.55,112.2 1 0
ledger/internal/pb/ledger/v1/ledger.pb.go:114.49,115.14 1 0
ledger/internal/pb/ledger/v1/ledger.pb.go:115.14,117.3 1 0
ledger/internal/pb/ledger/v1/ledger.pb.go:118.2,118.11 1 0
ledger/internal/pb/ledger/v1/ledger.pb.go:129.37,134.2 4 0
ledger/internal/pb/ledger/v1/ledger.pb.go:136.45,138.2 1 0
ledger/internal/pb/ledger/v1/ledger.pb.go:140.43,140.44 0 0
ledger/internal/pb/ledger/v1/ledger.pb.go:142.65,144.14 2 0
ledger/internal/pb/ledger/v1/ledger.pb.go:144.14,146.34 2 0
ledger/internal/pb/ledger/v1/ledger.pb.go:146.34,148.4 1 0
ledger/internal/pb/ledger/v1/ledger.pb.go:149.3,149.12 1 0
ledger/internal/pb/ledger/v1/ledger.pb.go:151.2,151.24 1 0
ledger/internal/pb/ledger/v1/ledger.pb.go:155.56,157.2 1 0
ledger/internal/pb/ledger/v1/ledger.pb.go:159.50,160.14 1 0
ledger/internal/pb/ledger/v1/ledger.pb.go:160.14,162.3 1 0
ledger/internal/pb/ledger/v1/ledger.pb.go:163.2,163.11 1 0
ledger/internal/pb/ledger/v1/ledger.pb.go:166.48,167.14 1 0
ledger/internal/pb/ledger/v1/ledger.pb.go:167.14,169.3 1 0
ledger/internal/pb/ledger/v1/ledger.pb.go:170.2,170.10 1 0
ledger/internal/pb/ledger/v1/ledger.pb.go:180.41,185.2 4 0
ledger/internal/pb/ledger/v1/ledger.pb.go:187.49,189.2 1 0
ledger/internal/pb/ledger/v1/ledger.pb.go:191.47,191.48 0 0
ledger/internal/pb/ledger/v1/ledger.pb.go:193.69,195.14 2 0
ledger/internal/pb/ledger/v1/ledger.pb.go:195.14,197.34 2 0
ledger/internal/pb/ledger/v1/ledger.pb.go:197.34,199.4 1 0
ledger/internal/pb/ledger/v1/ledger.pb.go:200.3,200.12 1 0
ledger/internal/pb/ledger/v1/ledger.pb.go:202.2,202.24 1 0
ledger/internal/pb/ledger/v1/ledger.pb.go:206.60,208.2 1 0
ledger/internal/pb/ledger/v1/ledger.pb.go:210.67,211.14 1 0
ledger/internal/pb/ledger/v1/ledger.pb.go:211.14,213.3 1 0
ledger/internal/pb/ledger/v1/ledger.pb.go:214.2,214.12 1 0
ledger/internal/pb/ledger/v1/ledger.pb.go:227.41,232.2 4 0
ledger/internal/pb/ledger/v1/ledger.pb.go:234.49,236.2 1 0
ledger/internal/pb/ledger/v1/ledger.pb.go:238.47,238.48 0 0
ledger/internal/pb/ledger/v1/ledger.pb.go:240.69,242.14 2 0
ledger/internal/pb/ledger/v1/ledger.pb.go:242.14,244.34 2 0
ledger/internal/pb/ledger/v1/ledger.pb.go:244.34,246.4 1 0
ledger/internal/pb/ledger/v1/ledger.pb.go:247.3,247.12 1 0
ledger/internal/pb/ledger/v1/ledger.pb.go:249.2,249.24 1 0
ledger/internal/pb/ledger/v1/ledger.pb.go:253.60,255.2 1 0
ledger/internal/pb/ledger/v1/ledger.pb.go:257.53,258.14 1 0
ledger/internal/pb/ledger/v1/ledger.pb.go:258.14,260.3 1 0
ledger/internal/pb/ledger/v1/ledger.pb.go:261.2,261.10 1 0
ledger/internal/pb/ledger/v1/ledger.pb.go:264.54,265.14 1 0
ledger/internal/pb/ledger/v1/ledger.pb.go:265.14,267.3 1 0
ledger/internal/pb/ledger/v1/ledger.pb.go:268.2,268.11 1 0
ledger/internal/pb/ledger/v1/ledger.pb.go:271.57,272.14 1 0
ledger/internal/pb/ledger/v1/ledger.pb.go:272.14,274.3 1 0
ledger/internal/pb/ledger/v1/ledger.pb.go:275.2,275.11 1 0
ledger/internal/pb/ledger/v1/ledger.pb.go:278.50,279.14 1 0
ledger/internal/pb/ledger/v1/ledger.pb.go:279.14,281.3 1 0
ledger/internal/pb/ledger/v1/ledger.pb.go:282.2,282.11 1 0
ledger/internal/pb/ledger/v1/ledger.pb.go:292.45,297.2 4 0
ledger/internal/pb/ledger/v1/ledger.pb.go:299.53,301.2 1 0
ledger/internal/pb/ledger/v1/ledger.pb.go:303.51,303.52 0 0
ledger/internal/pb/ledger/v1/ledger.pb.go:305.73,307.14 2 0
ledger/internal/pb/ledger/v1/ledger.pb.go:307.14,309.34 2 0
ledger/internal/pb/ledger/v1/ledger.pb.go:309.34,311.4 1 0
ledger/internal/pb/ledger/v1/ledger.pb.go:312.3,312.12 1 0
ledger/internal/pb/ledger/v1/ledger.pb.go:314.2,314.24 1 0
ledger/internal/pb/ledger/v1/ledger.pb.go:318.64,320.2 1 0
ledger/internal/pb/ledger/v1/ledger.pb.go:322.80,323.14 1 0
ledger/internal/pb/ledger/v1/ledger.pb.go:323.14,325.3 1 0
ledger/internal/pb/ledger/v1/ledger.pb.go:326.2,326.12 1 0
ledger/internal/pb/ledger/v1/ledger.pb.go:338.46,343.2 4 0
ledger/internal/pb/ledger/v1/ledger.pb.go:345.54,347.2 1 0
ledger/internal/pb/ledger/v1/ledger.pb.go:349.52,349.53 0 0
ledger/internal/pb/ledger/v1/ledger.pb.go:351.74,353.14 2 0
ledger/internal/pb/ledger/v1/ledger.pb.go:353.14,355.34 2 0
ledger/internal/pb/ledger/v1/ledger.pb.go:355.34,357.4 1 0
ledger/internal/pb/ledger/v1/ledger.pb.go:358.3,358.12 1 0
ledger/internal/pb/ledger/v1/ledger.pb.go:360.2,360.24 1 0
ledger/internal/pb/ledger/v1/ledger.pb.go:364.65,366.2 1 0
ledger/internal/pb/ledger/v1/ledger.pb.go:368.58,369.14 1 0
ledger/internal/pb/ledger/v1/ledger.pb.go:369.14,371.3 1 0
ledger/internal/pb/ledger/v1/ledger.pb.go:372.2,372.10 1 0
ledger/internal/pb/ledger/v1/ledger.pb.go:375.58,376.14 1 0
ledger/internal/pb/ledger/v1/ledger.pb.go:376.14,378.3 1 0
ledger/internal/pb/ledger/v1/ledger.pb.go:379.2,379.10 1 0
ledger/internal/pb/ledger/v1/ledger.pb.go:382.67,383.14 1 0
ledger/internal/pb/ledger/v1/ledger.pb.go:383.14,385.3 1 0
ledger/internal/pb/ledger/v1/ledger.pb.go:386.2,386.12 1 0
ledger/internal/pb/ledger/v1/ledger.pb.go:396.42,401.2 4 0
ledger/internal/pb/ledger/v1/ledger.pb.go:403.50,405.2 1 0
ledger/internal/pb/ledger/v1/ledger.pb.go:407.48,407.49 0 0
ledger/internal/pb/ledger/v1/ledger.pb.go:409.70,411.14 2 0
ledger/internal/pb/ledger/v1/ledger.pb.go:411.14,413.34 2 0
ledger/internal/pb/ledger/v1/ledger.pb.go:413.34,415.4 1 0
ledger/internal/pb/ledger/v1/ledger.pb.go:416.3,416.12 1 0
ledger/internal/pb/ledger/v1/ledger.pb.go:418.2,418.24 1 0
ledger/internal/pb/ledger/v1/ledger.pb.go:422.61,424.2 1 0
ledger/internal/pb/ledger/v1/ledger.pb.go:426.48,427.14 1 0
ledger/internal/pb/ledger/v1/ledger.pb.go:427.14,429.3 1 0
ledger/internal/pb/ledger/v1/ledger.pb.go:430.2,430.10 1 0
ledger/internal/pb/ledger/v1/ledger.pb.go:440.41,445.2 4 0
ledger/internal/pb/ledger/v1/ledger.pb.go:447.49,449.2 1 0
ledger/internal/pb/ledger/v1/ledger.pb.go:451.47,451.48 0 0
ledger/internal/pb/ledger/v1/ledger.pb.go:453.69,455.14 2 0
ledger/internal/pb/ledger/v1/ledger.pb.go:455.14,457.34 2 0
ledger/internal/pb/ledger/v1/ledger.pb.go:457.34,459.4 1 0
ledger/internal/pb/ledger/v1/ledger.pb.go:460.3,460.12 1 0
ledger/internal/pb/ledger/v1/ledger.pb.go:462.2,462.24 1 0
ledger/internal/pb/ledger/v1/ledger.pb.go:466.60,468.2 1 0
ledger/internal/pb/ledger/v1/ledger.pb.go:470.47,471.14 1 0
ledger/internal/pb/ledger/v1/ledger.pb.go:471.14,473.3 1 0
ledger/internal/pb/ledger/v1/ledger.pb.go:474.2,474.10 1 0
ledger/internal/pb/ledger/v1/ledger.pb.go:488.42,493.2 4 0
ledger/internal/pb/ledger/v1/ledger.pb.go:495.50,497.2 1 0
ledger/internal/pb/ledger/v1/ledger.pb.go:499.48,499.49 0 0
ledger/internal/pb/ledger/v1/ledger.pb.go:501.70,503.14 2 0
ledger/internal/pb/ledger/v1/ledger.pb.go:503.14,505.34 2 0
ledger/internal/pb/ledger/v1/ledger.pb.go:505.34,507.4 1 0
ledger/internal/pb/ledger/v1/ledger.pb.go:508.3,508.12 1 0
ledger/internal/pb/ledger/v1/ledger.pb.go:510.2,510.24 1 0
ledger/internal/pb/ledger/v1/ledger.pb.go:514.61,516.2 1 0
ledger/internal/pb/ledger/v1/ledger.pb.go:518.48,519.14 1 0
ledger/internal/pb/ledger/v1/ledger.pb.go:519.14,521.3 1 0
ledger/internal/pb/ledger/v1/ledger.pb.go:522.2,522.10 1 0
ledger/internal/pb/ledger/v1/ledger.pb.go:525.54,526.14 1 0
ledger/internal/pb/ledger/v1/ledger.pb.go:526.14,528.3 1 0
ledger/internal/pb/ledger/v1/ledger.pb.go:529.2,529.10 1 0
ledger/internal/pb/ledger/v1/ledger.pb.go:532.55,533.14 1 0
ledger/internal/pb/ledger/v1/ledger.pb.go:533.14,535.3 1 0
ledger/internal/pb/ledger/v1/ledger.pb.go:536.2,536.11 1 0
ledger/internal/pb/ledger/v1/ledger.pb.go:539.58,540.14 1 0
ledger/internal/pb/ledger/v1/ledger.pb.go:540.14,542.3 1 0
ledger/internal/pb/ledger/v1/ledger.pb.go:543.2,543.11 1 0
ledger/internal/pb/ledger/v1/ledger.pb.go:546.51,547.14 1 0
ledger/internal/pb/ledger/v1/ledger.pb.go:547.14,549.3 1 0
ledger/internal/pb/ledger/v1/ledger.pb.go:550.2,550.11 1 0
ledger/internal/pb/ledger/v1/ledger.pb.go:560.46,565.2 4 0
ledger/internal/pb/ledger/v1/ledger.pb.go:567.54,569.2 1 0
ledger/internal/pb/ledger/v1/ledger.pb.go:571.52,571.53 0 0
ledger/internal/pb/ledger/v1/ledger.pb.go:573.74,575.14 2 0
ledger/internal/pb/ledger/v1/ledger.pb.go:575.14,577.34 2 0
ledger/internal/pb/ledger/v1/ledger.pb.go:577.34,579.4 1 0
ledger/internal/pb/ledger/v1/ledger.pb.go:580.3,580.12 1 0
ledger/internal/pb/ledger/v1/ledger.pb.go:582.2,582.24 1 0
ledger/internal/pb/ledger/v1/ledger.pb.go:586.65,588.2 1 0
ledger/internal/pb/ledger/v1/ledger.pb.go:590.82,591.14 1 0
ledger/internal/pb/ledger/v1/ledger.pb.go:591.14,593.3 1 0
ledger/internal/pb/ledger/v1/ledger.pb.go:594.2,594.12 1 0
ledger/internal/pb/ledger/v1/ledger.pb.go:605.34,610.2 4 0
ledger/internal/pb/ledger/v1/ledger.pb.go:612.42,614.2 1 0
ledger/internal/pb/ledger/v1/ledger.pb.go:616.40,616.41 0 0
ledger/internal/pb/ledger/v1/ledger.pb.go:618.62,620.14 2 0
ledger/internal/pb/ledger/v1/ledger.pb.go:620.14,622.34 2 0
ledger/internal/pb/ledger/v1/ledger.pb.go:622.34,624.4 1 0
ledger/internal/pb/ledger/v1/ledger.pb.go:625.3,625.12 1 0
ledger/internal/pb/ledger/v1/ledger.pb.go:627.2,627.24 1 0
ledger/internal/pb/ledger/v1/ledger.pb.go:631.53,633.2 1 0
ledger/internal/pb/ledger/v1/ledger.pb.go:635.43,636.14 1 0
ledger/internal/pb/ledger/v1/ledger.pb.go:636.14,638.3 1 0
ledger/internal/pb/ledger/v1/ledger.pb.go:639.2,639.11 1 0
ledger/internal/pb/ledger/v1/ledger.pb.go:642.41,643.14 1 0
ledger/internal/pb/ledger/v1/ledger.pb.go:643.14,645.3 1 0
ledger/internal/pb/ledger/v1/ledger.pb.go:646.2,646.11 1 0
ledger/internal/pb/ledger/v1/ledger.pb.go:657.35,662.2 4 0
ledger/internal/pb/ledger/v1/ledger.pb.go:664.43,666.2 1 0
ledger/internal/pb/ledger/v1/ledger.pb.go:668.41,668.42 0 0
ledger/internal/pb/ledger/v1/ledger.pb.go:670.63,672.14 2 0
ledger/internal/pb/ledger/v1/ledger.pb.go:672.14,674.34 2 0
ledger/internal/pb/ledger/v1/ledger.pb.go:674.34,676.4 1 0
ledger/internal/pb/ledger/v1/ledger.pb.go:677.3,677.12 1 0
ledger/internal/pb/ledger/v1/ledger.pb.go:679.2,679.24 1 0
ledger/internal/pb/ledger/v1/ledger.pb.go:683.54,685.2 1 0
ledger/internal/pb/ledger/v1/ledger.pb.go:687.58,688.14 1 0
ledger/internal/pb/ledger/v1/ledger.pb.go:688.14,690.3 1 0
ledger/internal/pb/ledger/v1/ledger.pb.go:691.2,691.12 1 0
ledger/internal/pb/ledger/v1/ledger.pb.go:694.49,695.14 1 0
ledger/internal/pb/ledger/v1/ledger.pb.go:695.14,697.3 1 0
ledger/internal/pb/ledger/v1/ledger.pb.go:698.2,698.14 1 0
ledger/internal/pb/ledger/v1/ledger.pb.go:766.55,767.52 1 0
ledger/internal/pb/ledger/v1/ledger.pb.go:767.52,769.3 1 0
ledger/internal/pb/ledger/v1/ledger.pb.go:770.2,770.48 1 0
ledger/internal/pb/ledger/v1/ledger.pb.go:821.13,821.51 1 0
ledger/internal/pb/ledger/v1/ledger.pb.go:822.41,823.40 1 0
ledger/internal/pb/ledger/v1/ledger.pb.go:823.40,825.3 1 0
ledger/internal/pb/ledger/v1/ledger.pb.go:826.2,842.43 5 0
ledger/internal/pb/ledger/v1/ledger_grpc.pb.go:51.78,53.2 1 0
ledger/internal/pb/ledger/v1/ledger_grpc.pb.go:55.133,59.16 4 0
ledger/internal/pb/ledger/v1/ledger_grpc.pb.go:59.16,61.3 1 0
ledger/internal/pb/ledger/v1/ledger_grpc.pb.go:62.2,62.17 1 0
ledger/internal/pb/ledger/v1/ledger_grpc.pb.go:65.137,69.16 4 0
ledger/internal/pb/ledger/v1/ledger_grpc.pb.go:69.16,71.3 1 0
ledger/internal/pb/ledger/v1/ledger_grpc.pb.go:72.2,72.17 1 0
ledger/internal/pb/ledger/v1/ledger_grpc.pb.go:75.140,79.16 4 0
ledger/internal/pb/ledger/v1/ledger_grpc.pb.go:79.16,81.3 1 0
ledger/internal/pb/ledger/v1/ledger_grpc.pb.go:82.2,82.17 1 0
ledger/internal/pb/ledger/v1/ledger_grpc.pb.go:85.152,89.16 4 0
ledger/internal/pb/ledger/v1/ledger_grpc.pb.go:89.16,91.3 1 0
ledger/internal/pb/ledger/v1/ledger_grpc.pb.go:92.2,92.17 1 0
ledger/internal/pb/ledger/v1/ledger_grpc.pb.go:95.152,99.16 4 0
ledger/internal/pb/ledger/v1/ledger_grpc.pb.go:99.16,101.3 1 0
ledger/internal/pb/ledger/v1/ledger_grpc.pb.go:102.2,102.17 1 0
ledger/internal/pb/ledger/v1/ledger_grpc.pb.go:105.149,109.16 4 0
ledger/internal/pb/ledger/v1/ledger_grpc.pb.go:109.16,111.3 1 0
ledger/internal/pb/ledger/v1/ledger_grpc.pb.go:112.2,112.17 1 0
ledger/internal/pb/ledger/v1/ledger_grpc.pb.go:115.137,119.16 4 0
ledger/internal/pb/ledger/v1/ledger_grpc.pb.go:119.16,121.3 1 0
ledger/internal/pb/ledger/v1/ledger_grpc.pb.go:122.2,122.17 1 0
ledger/internal/pb/ledger/v1/ledger_grpc.pb.go:125.165,129.16 4 0
ledger/internal/pb/ledger/v1/ledger_grpc.pb.go:129.16,131.3 1 0
ledger/internal/pb/ledger/v1/ledger_grpc.pb.go:132.2,132.17 1 0
ledger/internal/pb/ledger/v1/ledger_grpc.pb.go:157.111,159.2 1 0
ledger/internal/pb/ledger/v1/ledger_grpc.pb.go:160.115,162.2 1 0
ledger/internal/pb/ledger/v1/ledger_grpc.pb.go:163.118,165.2 1 0
ledger/internal/pb/ledger/v1/ledger_grpc.pb.go:166.130,168.2 1 0
ledger/internal/pb/ledger/v1/ledger_grpc.pb.go:169.130,171.2 1 0
ledger/internal/pb/ledger/v1/ledger_grpc.pb.go:172.127,174.2 1 0
ledger/internal/pb/ledger/v1/ledger_grpc.pb.go:175.115,177.2 1 0
ledger/internal/pb/ledger/v1/ledger_grpc.pb.go:178.143,180.2 1 0
ledger/internal/pb/ledger/v1/ledger_grpc.pb.go:181.86,181.87 0 0
ledger/internal/pb/ledger/v1/ledger_grpc.pb.go:182.86,182.87 0 0
ledger/internal/pb/ledger/v1/ledger_grpc.pb.go:191.84,196.59 1 0
ledger/internal/pb/ledger/v1/ledger_grpc.pb.go:196.59,198.3 1 0
ledger/internal/pb/ledger/v1/ledger_grpc.pb.go:199.2,199.52 1 0
ledger/internal/pb/ledger/v1/ledger_grpc.pb.go:202.168,204.32 2 0
ledger/internal/pb/ledger/v1/ledger_grpc.pb.go:204.32,206.3 1 0
ledger/internal/pb/ledger/v1/ledger_grpc.pb.go:207.2,207.24 1 0
ledger/internal/pb/ledger/v1/ledger_grpc.pb.go:207.24,209.3 1 0
ledger/internal/pb/ledger/v1/ledger_grpc.pb.go:210.2,214.77 2 0
ledger/internal/pb/ledger/v1/ledger_grpc.pb.go:214.77,216.3 1 0
ledger/internal/pb/ledger/v1/ledger_grpc.pb.go:217.2,217.44 1 0
ledger/internal/pb/ledger/v1/ledger_grpc.pb.go:220.168,222.32 2 0
ledger/internal/pb/ledger/v1/ledger_grpc.pb.go:222.32,224.3 1 0
ledger/internal/pb/ledger/v1/ledger_grpc.pb.go:225.2,225.24 1 0
ledger/internal/pb/ledger/v1/ledger_grpc.pb.go:225.24,227.3 1 0
ledger/internal/pb/ledger/v1/ledger_grpc.pb.go:228.2,232.77 2 0
ledger/internal/pb/ledger/v1/ledger_grpc.pb.go:232.77,234.3 1 0
ledger/internal/pb/ledger/v1/ledger_grpc.pb.go:235.2,235.44 1 0
ledger/internal/pb/ledger/v1/ledger_grpc.pb.go:238.170,240.32 2 0
ledger/internal/pb/ledger/v1/ledger_grpc.pb.go:240.32,242.3 1 0
ledger/internal/pb/ledger/v1/ledger_grpc.pb.go:243.2,243.24 1 0
ledger/internal/pb/ledger/v1/ledger_grpc.pb.go:243.24,245.3 1 0
ledger/internal/pb/ledger/v1/ledger_grpc.pb.go:246.2,250.77 2 0
ledger/internal/pb/ledger/v1/ledger_grpc.pb.go:250.77,252.3 1 0
ledger/internal/pb/ledger/v1/ledger_grpc.pb.go:253.2,253.44 1 0
ledger/internal/pb/ledger/v1/ledger_grpc.pb.go:256.173,258.32 2 0
ledger/internal/pb/ledger/v1/ledger_grpc.pb.go:258.32,260.3 1 0
ledger/internal/pb/ledger/v1/ledger_grpc.pb.go:261.2,261.24 1 0
ledger/internal/pb/ledger/v1/ledger_grpc.pb.go:261.24,263.3 1 0
ledger/internal/pb/ledger/v1/ledger_grpc.pb.go:264.2,268.77 2 0
ledger/internal/pb/ledger/v1/ledger_grpc.pb.go:268.77,270.3 1 0
ledger/internal/pb/ledger/v1/ledger_grpc.pb.go:271.2,271.44 1 0
ledger/internal/pb/ledger/v1/ledger_grpc.pb.go:274.173,276.32 2 0
ledger/internal/pb/ledger/v1/ledger_grpc.pb.go:276.32,278.3 1 0
ledger/internal/pb/ledger/v1/ledger_grpc.pb.go:279.2,279.24 1 0
ledger/internal/pb/ledger/v1/ledger_grpc.pb.go:279.24,281.3 1 0
ledger/internal/pb/ledger/v1/ledger_grpc.pb.go:282.2,286.77 2 0
ledger/internal/pb/ledger/v1/ledger_grpc.pb.go:286.77,288.3 1 0
ledger/internal/pb/ledger/v1/ledger_grpc.pb.go:289.2,289.44 1 0
ledger/internal/pb/ledger/v1/ledger_grpc.pb.go:292.174,294.32 2 0
ledger/internal/pb/ledger/v1/ledger_grpc.pb.go:294.32,296.3 1 0
ledger/internal/pb/ledger/v1/ledger_grpc.pb.go:297.2,297.24 1 0
ledger/internal/pb/ledger/v1/ledger_grpc.pb.go:297.24,299.3 1 0
ledger/internal/pb/ledger/v1/ledger_grpc.pb.go:300.2,304.77 2 0
ledger/internal/pb/ledger/v1/ledger_grpc.pb.go:304.77,306.3 1 0
ledger/internal/pb/ledger/v1/ledger_grpc.pb.go:307.2,307.44 1 0
ledger/internal/pb/ledger/v1/ledger_grpc.pb.go:310.172,312.32 2 0
ledger/internal/pb/ledger/v1/ledger_grpc.pb.go:312.32,314.3 1 0
ledger/internal/pb/ledger/v1/ledger_grpc.pb.go:315.2,315.24 1 0
ledger/internal/pb/ledger/v1/ledger_grpc.pb.go:315.24,317.3 1 0
ledger/internal/pb/ledger/v1/ledger_grpc.pb.go:318.2,322.77 2 0
ledger/internal/pb/ledger/v1/ledger_grpc.pb.go:322.77,324.3 1 0
ledger/internal/pb/ledger/v1/ledger_grpc.pb.go:325.2,325.44 1 0
ledger/internal/pb/ledger/v1/ledger_grpc.pb.go:328.178,330.32 2 0
ledger/internal/pb/ledger/v1/ledger_grpc.pb.go:330.32,332.3 1 0
ledger/internal/pb/ledger/v1/ledger_grpc.pb.go:333.2,333.24 1 0
ledger/internal/pb/ledger/v1/ledger_grpc.pb.go:333.24,335.3 1 0
ledger/internal/pb/ledger/v1/ledger_grpc.pb.go:336.2,340.77 2 0
ledger/internal/pb/ledger/v1/ledger_grpc.pb.go:340.77,342.3 1 0
ledger/internal/pb/ledger/v1/ledger_grpc.pb.go:343.2,343.44 1 0
ledger/internal/db/db.go:10.33,15.16 5 0
ledger/internal/db/db.go:15.16,16.13 1 0
ledger/internal/db/db.go:18.2,19.16 2 0
ledger/internal/db/db.go:19.16,21.3 1 0
ledger/internal/db/db.go:22.2,23.16 2 0
ledger/internal/domain/budget.go:13.40,14.23 1 0
ledger/internal/domain/budget.go:14.23,16.3 1 0
ledger/internal/domain/budget.go:17.2,17.27 1 0
ledger/internal/domain/budget.go:17.27,19.3 1 0
ledger/internal/domain/budget.go:20.2,20.12 1 0
ledger/internal/domain/transaction.go:16.41,17.20 1 0
ledger/internal/domain/transaction.go:17.20,19.3 1 0
ledger/internal/domain/transaction.go:20.2,20.23 1 0
ledger/internal/domain/transaction.go:20.23,22.3 1 0
ledger/internal/domain/transaction.go:23.2,23.12 1 0
ledger/internal/cache/cache.go:10.39,18.16 4 0
ledger/internal/cache/cache.go:18.16,21.3 2 0
ledger/internal/cache/cache.go:22.2,23.20 2 0
ledger/internal/repository/pg/budget.go:13.60,17.2 1 1
ledger/internal/repository/pg/budget.go:19.85,22.2 2 1
ledger/internal/repository/pg/budget.go:24.87,26.16 2 1
ledger/internal/repository/pg/budget.go:26.16,28.3 1 1
ledger/internal/repository/pg/budget.go:29.2,29.29 1 1
ledger/internal/repository/pg/budget.go:29.29,31.17 2 1
ledger/internal/repository/pg/budget.go:31.17,33.4 1 0
ledger/internal/repository/pg/budget.go:35.2,36.18 2 1
ledger/internal/repository/pg/budget.go:36.18,38.58 2 1
ledger/internal/repository/pg/budget.go:38.58,40.4 1 0
ledger/internal/repository/pg/budget.go:41.3,41.35 1 1
ledger/internal/repository/pg/budget.go:43.2,43.34 1 1
ledger/internal/repository/pg/budget.go:43.34,45.3 1 0
ledger/internal/repository/pg/budget.go:46.2,46.23 1 1
ledger/internal/repository/pg/budget.go:49.102,52.16 3 1
ledger/internal/repository/pg/budget.go:52.16,54.3 1 1
ledger/internal/repository/pg/budget.go:55.2,55.21 1 1
ledger/internal/repository/pg/summary.go:20.83,25.2 1 1
ledger/internal/repository/pg/summary.go:27.112,30.16 3 1
ledger/internal/repository/pg/summary.go:30.16,33.62 3 1
ledger/internal/repository/pg/summary.go:33.62,35.4 1 1
ledger/internal/repository/pg/summary.go:37.2,39.16 3 1
ledger/internal/repository/pg/summary.go:39.16,41.3 1 1
ledger/internal/repository/pg/summary.go:42.2,42.29 1 1
ledger/internal/repository/pg/summary.go:42.29,44.17 2 1
ledger/internal/repository/pg/summary.go:44.17,46.4 1 0
ledger/internal/repository/pg/summary.go:48.2,49.18 2 1
ledger/internal/repository/pg/summary.go:49.18,51.39 2 0
ledger/internal/repository/pg/summary.go:51.39,54.4 2 0
ledger/internal/repository/pg/summary.go:55.3,55.37 1 0
ledger/internal/repository/pg/summary.go:57.2,57.34 1 1
ledger/internal/repository/pg/summary.go:57.34,60.3 2 0
ledger/internal/repository/pg/summary.go:61.2,67.12 6 1
ledger/internal/repository/pg/summary.go:67.12,68.7 1 1
ledger/internal/repository/pg/summary.go:68.7,69.11 1 1
ledger/internal/repository/pg/summary.go:70.16,72.11 2 1
ledger/internal/repository/pg/summary.go:73.25,74.30 1 0
ledger/internal/repository/pg/summary.go:78.2,78.38 1 1
ledger/internal/repository/pg/summary.go:78.38,79.16 1 0
ledger/internal/repository/pg/summary.go:79.16,83.4 3 0
ledger/internal/repository/pg/summary.go:85.2,90.69 6 1
ledger/internal/repository/pg/transaction.go:16.70,20.2 1 1
ledger/internal/repository/pg/transaction.go:22.121,25.16 3 1
ledger/internal/repository/pg/transaction.go:25.16,27.3 1 1
ledger/internal/repository/pg/transaction.go:28.2,28.25 1 1
ledger/internal/repository/pg/transaction.go:31.142,33.16 2 1
ledger/internal/repository/pg/transaction.go:33.16,35.3 1 1
ledger/internal/repository/pg/transaction.go:36.2,45.17 10 1
ledger/internal/repository/pg/transaction.go:45.17,51.3 5 1
ledger/internal/repository/pg/transaction.go:51.8,57.3 5 0
ledger/internal/repository/pg/transaction.go:59.2,61.16 3 1
ledger/internal/repository/pg/transaction.go:61.16,63.3 1 1
ledger/internal/repository/pg/transaction.go:64.2,64.25 1 1
ledger/internal/repository/pg/transaction.go:67.119,70.16 3 1
ledger/internal/repository/pg/transaction.go:70.16,72.3 1 1
ledger/internal/repository/pg/transaction.go:73.2,73.19 1 1
ledger/internal/repository/pg/transaction.go:76.110,79.16 3 1
ledger/internal/repository/pg/transaction.go:79.16,81.3 1 1
ledger/internal/repository/pg/transaction.go:82.2,82.17 1 1
ledger/internal/repository/pg/transaction.go:85.103,87.16 2 1
ledger/internal/repository/pg/transaction.go:87.16,89.3 1 1
ledger/internal/repository/pg/transaction.go:90.2,90.29 1 1
ledger/internal/repository/pg/transaction.go:90.29,92.17 2 1
ledger/internal/repository/pg/transaction.go:92.17,94.4 1 0
ledger/internal/repository/pg/transaction.go:96.2,97.18 2 1
ledger/internal/repository/pg/transaction.go:97.18,99.91 2 1
ledger/internal/repository/pg/transaction.go:99.91,101.4 1 0
ledger/internal/repository/pg/transaction.go:102.3,102.45 1 1
ledger/internal/repository/pg/transaction.go:104.2,104.34 1 1
ledger/internal/repository/pg/transaction.go:104.34,106.3 1 0
ledger/internal/repository/pg/transaction.go:107.2,107.28 1 1
